<?xml version="1.0" encoding="UTF-8"?>
<testsuite xmlns:xsi="http://www.w3.org/2001/XMLSchema-instance" xsi:noNamespaceSchemaLocation="https://maven.apache.org/surefire/maven-surefire-plugin/xsd/surefire-test-report-3.0.xsd" version="3.0" name="AppTest" time="0.761" tests="1" errors="0" skipped="0" failures="0">
  <properties>
[...]
</properties>
  <testcase name="testCahceConcurrent" classname="AppTest" time="0.748">
    <system-out><![CDATA[Se uso el cache
Se uso el cache
Se uso el cache
Se uso el cache
Se uso el cache
Se uso el cache
Se uso el cache
Se uso el cache
]]></system-out>
  </testcase>
</testsuite>